Determining if the pthread_create exist failed with the following output:
Change Dir: /home/ponchito/Documents/catkin_ws/robot_rviz/build/CMakeFiles/CMakeTmp

Run Build Command:"/usr/bin/make" "cmTC_56bbf/fast"
/usr/bin/make -f CMakeFiles/cmTC_56bbf.dir/build.make CMakeFiles/cmTC_56bbf.dir/build
make[1]: Entering directory '/home/ponchito/Documents/catkin_ws/robot_rviz/build/CMakeFiles/CMakeTmp'
Building C object CMakeFiles/cmTC_56bbf.dir/CheckSymbolExists.c.o
/usr/bin/cc    -o CMakeFiles/cmTC_56bbf.dir/CheckSymbolExists.c.o   -c /home/ponchito/Documents/catkin_ws/robot_rviz/build/CMakeFiles/CMakeTmp/CheckSymbolExists.c
Linking C executable cmTC_56bbf
/usr/bin/cmake -E cmake_link_script CMakeFiles/cmTC_56bbf.dir/link.txt --verbose=1
/usr/bin/cc      -rdynamic CMakeFiles/cmTC_56bbf.dir/CheckSymbolExists.c.o  -o cmTC_56bbf 
CMakeFiles/cmTC_56bbf.dir/CheckSymbolExists.c.o: In function `main':
CheckSymbolExists.c:(.text+0x1b): undefined reference to `pthread_create'
collect2: error: ld returned 1 exit status
CMakeFiles/cmTC_56bbf.dir/build.make:97: recipe for target 'cmTC_56bbf' failed
make[1]: *** [cmTC_56bbf] Error 1
make[1]: Leaving directory '/home/ponchito/Documents/catkin_ws/robot_rviz/build/CMakeFiles/CMakeTmp'
Makefile:126: recipe for target 'cmTC_56bbf/fast' failed
make: *** [cmTC_56bbf/fast] Error 2

File /home/ponchito/Documents/catkin_ws/robot_rviz/build/CMakeFiles/CMakeTmp/CheckSymbolExists.c:
/* */
#include <pthread.h>

int main(int argc, char** argv)
{
  (void)argv;
#ifndef pthread_create
  return ((int*)(&pthread_create))[argc];
#else
  (void)argc;
  return 0;
#endif
}

Determining if the function pthread_create exists in the pthreads failed with the following output:
Change Dir: /home/ponchito/Documents/catkin_ws/robot_rviz/build/CMakeFiles/CMakeTmp

Run Build Command:"/usr/bin/make" "cmTC_5e1ce/fast"
/usr/bin/make -f CMakeFiles/cmTC_5e1ce.dir/build.make CMakeFiles/cmTC_5e1ce.dir/build
make[1]: Entering directory '/home/ponchito/Documents/catkin_ws/robot_rviz/build/CMakeFiles/CMakeTmp'
Building C object CMakeFiles/cmTC_5e1ce.dir/CheckFunctionExists.c.o
/usr/bin/cc   -DCHECK_FUNCTION_EXISTS=pthread_create   -o CMakeFiles/cmTC_5e1ce.dir/CheckFunctionExists.c.o   -c /usr/share/cmake-3.10/Modules/CheckFunctionExists.c
Linking C executable cmTC_5e1ce
/usr/bin/cmake -E cmake_link_script CMakeFiles/cmTC_5e1ce.dir/link.txt --verbose=1
/usr/bin/cc  -DCHECK_FUNCTION_EXISTS=pthread_create    -rdynamic CMakeFiles/cmTC_5e1ce.dir/CheckFunctionExists.c.o  -o cmTC_5e1ce -lpthreads 
/usr/bin/ld: cannot find -lpthreads
collect2: error: ld returned 1 exit status
CMakeFiles/cmTC_5e1ce.dir/build.make:97: recipe for target 'cmTC_5e1ce' failed
make[1]: *** [cmTC_5e1ce] Error 1
make[1]: Leaving directory '/home/ponchito/Documents/catkin_ws/robot_rviz/build/CMakeFiles/CMakeTmp'
Makefile:126: recipe for target 'cmTC_5e1ce/fast' failed
make: *** [cmTC_5e1ce/fast] Error 2


